Diagnose log at 2026-06-11T07:23:10Z

AppPath: C:\Program Files\Git\mingw64\bin\git-credential-manager.exe
InstallDir: C:\Program Files\Git\mingw64\bin\
Version: 2.6.0+3c28096588f549cb46f36b552390514356830abe

------------
Diagnostic: Environment
Skipped: False
Success: True
Exception: None
Log:
OSType: Windows
OSVersion: 10.0 (build 26200)
Reading environment variables... OK
 Variables:
HOMEPATH=\Users\mehmo
POSH_INSTALLER=winget
COMPUTERNAME=MEHMOOD-PC
MSMPI_BIN=C:\Program Files\Microsoft MPI\Bin\
GIT_TRACE2_PARENT_SID=0aba4fcb-c212-4524-afb4-8c0fa008a783
CommonProgramFiles(x86)=C:\Program Files (x86)\Common Files
DriverData=C:\Windows\System32\Drivers\DriverData
OneDrive=C:\Users\mehmo\OneDrive
ChocolateyLastPathUpdate=133588010467737037
PyCharm=C:\Program Files\JetBrains\PyCharm 2023.1.3\bin;
SESSIONNAME=Console
TMP=C:\Users\mehmo\AppData\Local\Temp
LC_CTYPE=C.UTF-8
PATHEXT=.COM;.EXE;.BAT;.CMD;.VBS;.VBE;.JS;.JSE;.WSF;.WSH;.MSC;.PY;.PYW
EFC_7772_1592913036=1
tesseract=C:\Program Files\Tesseract-OCR\tesseract.exe
GIT_EXEC_PATH=C:/Program Files/Git/mingw64/libexec/git-core
TEMP=C:\Users\mehmo\AppData\Local\Temp
LOCALAPPDATA=C:\Users\mehmo\AppData\Local
MSYSTEM=MINGW64
EFC_7772_4126798990=1
__PSLockDownPolicy=0
ProgramData=C:\ProgramData
JAVA_HOME=C:\Program Files\Eclipse Adoptium\jdk-21.0.7.6-hotspot\
USERDOMAIN=MEHMOOD-PC
PROCESSOR_REVISION=8e0c
MSMPI_BENCHMARKS=C:\Program Files\Microsoft MPI\Benchmarks\
Path=C:/Program Files/Git/mingw64/libexec/git-core;C:\Program Files\Git\mingw64\bin;C:\Program Files\Git\usr\bin;C:\Users\mehmo\bin;C:\Program Files\Microsoft MPI\Bin\;C:\Python314\Scripts\;C:\Python314\;C:\Users\mehmo\AppData\Local\Programs\Python\Python310\;C:\Users\mehmo\AppData\Local\Programs\Python\Python310\Scripts;C:\Program Files\Eclipse Adoptium\jdk-21.0.7.6-hotspot\bin;c:\Users\mehmo\AppData\Local\Programs\cursor\resources\app\bin;C:\Program Files\Common Files\Oracle\Java\javapath;C:\Windows\system32;C:\Windows;C:\Windows\System32\Wbem;C:\Windows\System32\WindowsPowerShell\v1.0\;C:\Windows\System32\OpenSSH\;C:\ProgramData\chocolatey\bin;C:\Users\mehmo\AppData\Local\Microsoft\WindowsApps;C:\Users\mehmo\AppData\Roaming\npm;C:\Users\mehmo\.dotnet\tools;C:\Program Files\dotnet\;C:\Program Files\CMake\bin;C:\Program Files\Tesseract-OCR\tesseract.exe;C:\WINDOWS\system32;C:\WINDOWS;C:\WINDOWS\System32\Wbem;C:\WINDOWS\System32\WindowsPowerShell\v1.0\;C:\WINDOWS\System32\OpenSSH\;C:\Program Files\Git\cmd;C:\Users\mehmo\AppData\Local\Packages\PythonSoftwareFoundation.Python.3.12_qbz5n2kfra8p0\LocalCache\local-packages\Python312\Scripts;C:\Program Files\MATLAB\MATLAB Runtime\R2024b\runtime\win64;C:\Program Files\MySQL\MySQL Server 8.0\bin;C:\Program Files\GitHub CLI\;C:\Program Files\nodejs\;C:\Program Files\Microsoft SQL Server\170\Tools\Binn\;C:\Program Files\Microsoft SQL Server\Client SDK\ODBC\170\Tools\Binn\;C:\Program Files (x86)\Microsoft SQL Server\160\Tools\Binn\;C:\Program Files\Microsoft SQL Server\160\Tools\Binn\;C:\Program Files\Microsoft SQL Server\160\DTS\Binn\;C:\Program Files\cursor\resources\app\bin;C:\Program Files\Cloudflare\Cloudflare WARP\;C:\Users\mehmo\.local\bin;C:\Users\mehmo\scoop\shims;C:\Users\mehmo\.cargo\bin;C:\Program Files\heroku\bin;C:\Users\mehmo\AppData\Roaming\npm;C:\Users\mehmo\AppData\Local\Programs\Microsoft VS Code\bin;C:\Users\mehmo\.dotnet\tools;C:\Users\mehmo\AppData\Local\gitkraken\bin;C:\ProgramData\Mehmood\gitkraken\bin
DokanLibrary2_LibraryPath_x86=C:\Program Files\Dokan\Dokan Library-2.2.1\x86\lib\
PROCESSOR_LEVEL=6
PROCESSOR_IDENTIFIER=Intel64 Family 6 Model 142 Stepping 12, GenuineIntel
TMPDIR=C:\Users\mehmo\AppData\Local\Temp
APPDATA=C:\Users\mehmo\AppData\Roaming
PROMPT=$P$G
ProgramFiles(x86)=C:\Program Files (x86)
PUBLIC=C:\Users\Public
NUMBER_OF_PROCESSORS=8
CommonProgramFiles=C:\Program Files (x86)\Common Files
protoc=C:\protoc-27.1-win64\bin
TERM=xterm-256color
LM_LICENSE_FILE=C:\flexlm\lic_questasim.txt
COLORTERM=truecolor
ProgramFiles=C:\Program Files (x86)
ChocolateyInstall=C:\ProgramData\chocolatey
GLOG_logbufsecs=0
PLINK_PROTOCOL=ssh
DokanLibrary2_LibraryPath_x64=C:\Program Files\Dokan\Dokan Library-2.2.1\lib\
ProgramW6432=C:\Program Files
HOME=C:\Users\mehmo
DokanLibrary2=C:\Program Files\Dokan\Dokan Library-2.2.1\
SystemRoot=C:\WINDOWS
CommonProgramW6432=C:\Program Files\Common Files
ZES_ENABLE_SYSMAN=1
LOGONSERVER=\\MEHMOOD-PC
USERPROFILE=C:\Users\mehmo
USERDOMAIN_ROAMINGPROFILE=MEHMOOD-PC
IntelliJ IDEA Community Edition=C:\Program Files\JetBrains\IntelliJ IDEA Community Edition 2025.1.1.1\bin;
HOMEDRIVE=C:
PSModulePath=C:\Program Files\WindowsPowerShell\Modules;C:\WINDOWS\system32\WindowsPowerShell\v1.0\Modules;C:\Program Files (x86)\Microsoft SQL Server\160\Tools\PowerShell\Modules\
USERNAME=Mehmood
PROCESSOR_ARCHITEW6432=AMD64
PROCESSOR_ARCHITECTURE=x86
OS=Windows_NT
ComSpec=C:\WINDOWS\system32\cmd.exe
SystemDrive=C:
windir=C:\WINDOWS
OneDriveConsumer=C:\Users\mehmo\OneDrive
ALLUSERSPROFILE=C:\ProgramData


------------
Diagnostic: File system
Skipped: False
Success: True
Exception: None
Log:
Temporary directory is 'C:\Users\mehmo\AppData\Local\Temp\'...
Checking basic file I/O...
Writing to temporary file 'C:\Users\mehmo\AppData\Local\Temp\bf284f0297cae1dd5b9b3b41'... OK
Reading from temporary file 'C:\Users\mehmo\AppData\Local\Temp\bf284f0297cae1dd5b9b3b41'... OK
Deleting temporary file 'C:\Users\mehmo\AppData\Local\Temp\bf284f0297cae1dd5b9b3b41'... OK
Testing IFileSystem instance...
UserHomePath: C:\Users\mehmo
UserDataDirectoryPath: C:\Users\mehmo\.gcm
GetCurrentDirectory(): D:\Research Paper\Solar FYP (Faisal)\Project 1

------------
Diagnostic: Networking
Skipped: False
Success: True
Exception: None
Log:
Checking networking and HTTP stack...
Creating HTTP client... OK
IsNetworkAvailable: True
Sending HEAD request to http://example.com...Sending HEAD request to https://example.com... OK
 OK
Acquiring free TCP port... OK
Testing local HTTP loopback connections...
Creating new HTTP listener for http://localhost:58363/... OK
Waiting for loopback connection... OK
Writing response... OK
Waiting for response data... OK
Loopback connection data OK

------------
Diagnostic: Git
Skipped: False
Success: True
Exception: None
Log:
Getting Git version... OK
Git version is '2.47.0.windows.2'
Locating current repository...Git repository at 'D:/Research Paper/Solar FYP (Faisal)/Project 1/.git'
 OK
Listing all Git configuration... OK
Git configuration:
file:C:/Program Files/Git/etc/gitconfig	diff.astextplain.textconv=astextplain
file:C:/Program Files/Git/etc/gitconfig	filter.lfs.clean=git-lfs clean -- %f
file:C:/Program Files/Git/etc/gitconfig	filter.lfs.smudge=git-lfs smudge -- %f
file:C:/Program Files/Git/etc/gitconfig	filter.lfs.process=git-lfs filter-process
file:C:/Program Files/Git/etc/gitconfig	filter.lfs.required=true
file:C:/Program Files/Git/etc/gitconfig	http.sslbackend=openssl
file:C:/Program Files/Git/etc/gitconfig	http.sslcainfo=C:/Program Files/Git/mingw64/etc/ssl/certs/ca-bundle.crt
file:C:/Program Files/Git/etc/gitconfig	core.autocrlf=true
file:C:/Program Files/Git/etc/gitconfig	core.fscache=true
file:C:/Program Files/Git/etc/gitconfig	core.symlinks=true
file:C:/Program Files/Git/etc/gitconfig	pull.rebase=false
file:C:/Program Files/Git/etc/gitconfig	credential.helper=manager
file:C:/Program Files/Git/etc/gitconfig	credential.https://dev.azure.com.usehttppath=true
file:C:/Program Files/Git/etc/gitconfig	init.defaultbranch=master
file:C:/Users/mehmo/.gitconfig	user.email=mehmoodulhaq570@gmail.com
file:C:/Users/mehmo/.gitconfig	user.name=Mehmood-Ul-Haq
file:C:/Users/mehmo/.gitconfig	filter.lfs.required=true
file:C:/Users/mehmo/.gitconfig	filter.lfs.clean=git-lfs clean -- %f
file:C:/Users/mehmo/.gitconfig	filter.lfs.smudge=git-lfs smudge -- %f
file:C:/Users/mehmo/.gitconfig	filter.lfs.process=git-lfs filter-process
file:C:/Users/mehmo/.gitconfig	core.autocrlf=true
file:C:/Users/mehmo/.gitconfig	safe.directory=D:/Projects
file:C:/Users/mehmo/.gitconfig	http.schannelcheckrevoke=false
file:C:/Users/mehmo/.gitconfig	http.sslbackend=openssl
file:.git/config	core.repositoryformatversion=0
file:.git/config	core.filemode=false
file:.git/config	core.bare=false
file:.git/config	core.logallrefupdates=true
file:.git/config	core.ignorecase=true
file:.git/config	remote.origin.url=https://github.com/mehmoodulhaq570/solar-project-1.git
file:.git/config	remote.origin.fetch=+refs/heads/*:refs/remotes/origin/*
file:.git/config	branch.main.remote=origin
file:.git/config	branch.main.merge=refs/heads/main
file:.git/config	branch.main.vscode-merge-base=origin/main
file:.git/config	remote.github2.url=https://github.com/mehmodulhaq570/Solar-Forecasting.git
file:.git/config	remote.github2.fetch=+refs/heads/*:refs/remotes/github2/*


------------
Diagnostic: Credential storage
Skipped: False
Success: True
Exception: None
Log:
ICredentialStore instance is of type: CredentialStore
Writing test credential... OK
Reading test credential... OK
Deleting test credential... OK

------------
Diagnostic: Microsoft authentication (AAD/MSA)
Skipped: False
Success: True
Exception: None
Log:
Broker is not enabled.
Flow type is: Auto
Gathering MSAL token cache data... OK
CacheDirectory: C:\Users\mehmo\AppData\Local\.IdentityService
CacheFileName: msal.cache
CacheFilePath: C:\Users\mehmo\AppData\Local\.IdentityService\msal.cache
Creating cache helper... OK
Verifying MSAL token cache persistence... OK

------------
Diagnostic: GitHub API
Skipped: False
Success: True
Exception: None
Log:
Using 'https://github.com/' as API target.
Querying '/meta' endpoint... OK

